<?xml version="1.0" encoding="UTF-8"?>
<!-- Generated by org.testng.reporters.JUnitReportReporter -->
<testsuite skipped="0" hostname="FINLHYDAG888334" name="Automationframework.TestNGTestcases" tests="3" failures="0" timestamp="2020-09-22T20:24:29 IST" time="2.718" errors="0">
  <testcase name="test1" time="0.793" classname="Automationframework.TestNGTestcases"/>
  <system-out/>
  <testcase name="test2" time="0.010" classname="Automationframework.TestNGTestcases"/>
  <system-out/>
  <testcase name="test3" time="1.915" classname="Automationframework.TestNGTestcases"/>
  <system-out/>
</testsuite> <!-- Automationframework.TestNGTestcases -->
